<?xml version="1.0" encoding="UTF-8"?>
<!-- Generated by org.testng.reporters.JUnitReportReporter -->
<testsuite skipped="0" hostname="DESKTOP-H8FJJPQ" name="test.API_Post_Car_Get_Car" tests="2" failures="0" timestamp="26 Apr 2021 10:34:41 GMT" time="3.707" errors="0">
  <testcase name="getCar" time="0.310" classname="test.API_Post_Car_Get_Car"/>
  <testcase name="CreateCar" time="3.397" classname="test.API_Post_Car_Get_Car"/>
</testsuite> <!-- test.API_Post_Car_Get_Car -->
