<?xml version="1.0" encoding="UTF-8"?>
<!-- Generated by org.testng.reporters.JUnitReportReporter -->
<testsuite skipped="0" hostname="DESKTOP-H8FJJPQ" name="tests.TC_Customer" tests="2" failures="0" timestamp="20 Apr 2021 08:23:50 GMT" time="9.724" errors="0">
  <testcase name="CreateCustomer" time="5.565" classname="tests.TC_Customer"/>
  <testcase name="CreateCustomer" time="4.159" classname="tests.TC_Customer"/>
</testsuite> <!-- tests.TC_Customer -->
