<?xml version="1.0" encoding="UTF-8"?>
<!-- Generated by org.testng.reporters.JUnitReportReporter -->
<testsuite skipped="0" hostname="DESKTOP-H8FJJPQ" name="tests.TC_Car" tests="1" failures="0" timestamp="23 Apr 2021 18:18:31 GMT" time="2.688" errors="0">
  <testcase name="CreateCar" time="2.688" classname="tests.TC_Car"/>
</testsuite> <!-- tests.TC_Car -->
