<?xml version="1.0" encoding="UTF-8"?>
<!-- Generated by org.testng.reporters.JUnitReportReporter -->
<testsuite skipped="0" hostname="DESKTOP-H8FJJPQ" name="test.API_Post_User_Get_User" tests="2" failures="0" timestamp="26 Apr 2021 10:34:55 GMT" time="3.079" errors="0">
  <testcase name="getUser" time="0.224" classname="test.API_Post_User_Get_User"/>
  <testcase name="CreateUser" time="2.855" classname="test.API_Post_User_Get_User"/>
</testsuite> <!-- test.API_Post_User_Get_User -->
