<?xml version="1.0" encoding="UTF-8"?>
<!-- Generated by org.testng.reporters.JUnitReportReporter -->
<testsuite skipped="0" hostname="DESKTOP-H8FJJPQ" name="tests.API_Post_Car" tests="1" failures="0" timestamp="24 Apr 2021 12:02:14 GMT" time="2.401" errors="0">
  <testcase name="CreateCar" time="2.401" classname="tests.API_Post_Car"/>
</testsuite> <!-- tests.API_Post_Car -->
