<?xml version="1.0" encoding="UTF-8"?>
<!-- Generated by org.testng.reporters.JUnitReportReporter -->
<testsuite skipped="0" hostname="DESKTOP-H8FJJPQ" name="tests.TC_Customer2" tests="1" failures="0" timestamp="23 Apr 2021 16:03:55 GMT" time="5.819" errors="0">
  <testcase name="CreateCustomer" time="5.819" classname="tests.TC_Customer2"/>
</testsuite> <!-- tests.TC_Customer2 -->
