<?xml version="1.0" encoding="UTF-8"?>
<!-- Generated by org.testng.reporters.JUnitReportReporter -->
<testsuite skipped="0" hostname="DESKTOP-H8FJJPQ" name="tests.API_Post_USER" tests="1" failures="0" timestamp="24 Apr 2021 12:11:29 GMT" time="2.429" errors="0">
  <testcase name="CreateCar" time="2.429" classname="tests.API_Post_USER"/>
</testsuite> <!-- tests.API_Post_USER -->
