<?xml version="1.0" encoding="UTF-8"?>
<!-- Generated by org.testng.reporters.JUnitReportReporter -->
<testsuite skipped="0" hostname="DESKTOP-H8FJJPQ" name="tests.API_Post_Car_Get_Car" tests="2" failures="0" timestamp="24 Apr 2021 12:55:00 GMT" time="2.725" errors="0">
  <testcase name="getCar" time="0.268" classname="tests.API_Post_Car_Get_Car"/>
  <testcase name="CreateCar" time="2.457" classname="tests.API_Post_Car_Get_Car"/>
</testsuite> <!-- tests.API_Post_Car_Get_Car -->
