<?xml version="1.0" encoding="UTF-8"?>
<!-- Generated by org.testng.reporters.JUnitReportReporter -->
<testsuite skipped="0" hostname="DESKTOP-H8FJJPQ" name="tests.API_Post_User_Get_User" tests="2" failures="0" timestamp="24 Apr 2021 12:55:13 GMT" time="2.818" errors="0">
  <testcase name="getUser" time="0.304" classname="tests.API_Post_User_Get_User"/>
  <testcase name="CreateUser" time="2.514" classname="tests.API_Post_User_Get_User"/>
</testsuite> <!-- tests.API_Post_User_Get_User -->
