<?xml version="1.0" encoding="UTF-8"?>
<!-- Generated by org.testng.reporters.JUnitReportReporter -->
<testsuite skipped="0" hostname="DESKTOP-H8FJJPQ" name="tests.API_GET_USER_Validation" tests="1" failures="0" timestamp="24 Apr 2021 09:53:57 GMT" time="2.272" errors="0">
  <testcase name="getCar" time="2.272" classname="tests.API_GET_USER_Validation"/>
</testsuite> <!-- tests.API_GET_USER_Validation -->
