<?xml version="1.0" encoding="UTF-8"?>
<!-- Generated by org.testng.reporters.JUnitReportReporter -->
<testsuite skipped="0" hostname="DESKTOP-H8FJJPQ" name="tests.API_GET_Car_Validation" tests="1" failures="0" timestamp="24 Apr 2021 10:25:50 GMT" time="1.838" errors="0">
  <testcase name="getCar" time="1.838" classname="tests.API_GET_Car_Validation"/>
</testsuite> <!-- tests.API_GET_Car_Validation -->
